<?xml version="1.0" encoding="UTF-8"?>
<testsuite name="disertation.AppTest" tests="1" skipped="0" failures="0" errors="0" timestamp="2025-02-20T09:24:13" hostname="LAPTOP-SEN8DOOL" time="0.016">
  <properties/>
  <testcase name="appHasAGreeting()" classname="disertation.AppTest" time="0.016"/>
  <system-out><![CDATA[]]></system-out>
  <system-err><![CDATA[]]></system-err>
</testsuite>
