<?xml version="1.0" encoding="UTF-8"?>
<testsuite name="dissertation.AppTest" tests="1" skipped="0" failures="0" errors="0" timestamp="2025-03-19T02:40:10" hostname="LAPTOP-SEN8DOOL" time="0.017">
  <properties/>
  <testcase name="appHasAGreeting()" classname="dissertation.AppTest" time="0.017"/>
  <system-out><![CDATA[]]></system-out>
  <system-err><![CDATA[]]></system-err>
</testsuite>
